e:\bianchengwenjian\bianchengxuexi\bianchengxuexi\x64\debug\vc145.pdb
e:\bianchengwenjian\bianchengxuexi\bianchengxuexi\x64\debug\vc145.idb
e:\bianchengwenjian\bianchengxuexi\bianchengxuexi\x64\debug\hellow world.obj
e:\bianchengwenjian\bianchengxuexi\bianchengxuexi\x64\debug\jisuan.obj
e:\bianchengwenjian\bianchengxuexi\bianchengxuexi\x64\debug\bianchengxuexi.ilk
e:\bianchengwenjian\bianchengxuexi\bianchengxuexi\x64\debug\main.obj
e:\bianchengwenjian\bianchengxuexi\bianchengxuexi\x64\debug\nativecodeanalysis.read.1.tlog
e:\bianchengwenjian\bianchengxuexi\bianchengxuexi\x64\debug\jisuan.nativecodeanalysis.xml
e:\bianchengwenjian\bianchengxuexi\bianchengxuexi\x64\debug\vc.nativecodeanalysis.all.xml
e:\bianchengwenjian\bianchengxuexi\x64\debug\bianchengxuexi.pdb
e:\bianchengwenjian\bianchengxuexi\bianchengxuexi\x64\debug\bianchengxuexi.tlog\cl.command.1.tlog
e:\bianchengwenjian\bianchengxuexi\bianchengxuexi\x64\debug\bianchengxuexi.tlog\cl.items.tlog
e:\bianchengwenjian\bianchengxuexi\bianchengxuexi\x64\debug\bianchengxuexi.tlog\cl.read.1.tlog
e:\bianchengwenjian\bianchengxuexi\bianchengxuexi\x64\debug\bianchengxuexi.tlog\cl.write.1.tlog
e:\bianchengwenjian\bianchengxuexi\bianchengxuexi\x64\debug\bianchengxuexi.tlog\link-cvtres.read.1.tlog
e:\bianchengwenjian\bianchengxuexi\bianchengxuexi\x64\debug\bianchengxuexi.tlog\link-cvtres.write.1.tlog
e:\bianchengwenjian\bianchengxuexi\bianchengxuexi\x64\debug\bianchengxuexi.tlog\link-rc.read.1.tlog
e:\bianchengwenjian\bianchengxuexi\bianchengxuexi\x64\debug\bianchengxuexi.tlog\link-rc.write.1.tlog
e:\bianchengwenjian\bianchengxuexi\bianchengxuexi\x64\debug\bianchengxuexi.tlog\link.24016-cvtres.read.1.tlog
e:\bianchengwenjian\bianchengxuexi\bianchengxuexi\x64\debug\bianchengxuexi.tlog\link.24016-cvtres.write.1.tlog
e:\bianchengwenjian\bianchengxuexi\bianchengxuexi\x64\debug\bianchengxuexi.tlog\link.24016-rc.read.1.tlog
e:\bianchengwenjian\bianchengxuexi\bianchengxuexi\x64\debug\bianchengxuexi.tlog\link.24016-rc.write.1.tlog
e:\bianchengwenjian\bianchengxuexi\bianchengxuexi\x64\debug\bianchengxuexi.tlog\link.24016.read.1.tlog
e:\bianchengwenjian\bianchengxuexi\bianchengxuexi\x64\debug\bianchengxuexi.tlog\link.24016.read.2.tlog
e:\bianchengwenjian\bianchengxuexi\bianchengxuexi\x64\debug\bianchengxuexi.tlog\link.24016.read.3.tlog
e:\bianchengwenjian\bianchengxuexi\bianchengxuexi\x64\debug\bianchengxuexi.tlog\link.24016.read.4.tlog
e:\bianchengwenjian\bianchengxuexi\bianchengxuexi\x64\debug\bianchengxuexi.tlog\link.24016.read.5.tlog
e:\bianchengwenjian\bianchengxuexi\bianchengxuexi\x64\debug\bianchengxuexi.tlog\link.24016.read.6.tlog
e:\bianchengwenjian\bianchengxuexi\bianchengxuexi\x64\debug\bianchengxuexi.tlog\link.24016.write.1.tlog
e:\bianchengwenjian\bianchengxuexi\bianchengxuexi\x64\debug\bianchengxuexi.tlog\link.command.1.tlog
e:\bianchengwenjian\bianchengxuexi\bianchengxuexi\x64\debug\bianchengxuexi.tlog\link.read.1.tlog
e:\bianchengwenjian\bianchengxuexi\bianchengxuexi\x64\debug\bianchengxuexi.tlog\link.read.2.tlog
e:\bianchengwenjian\bianchengxuexi\bianchengxuexi\x64\debug\bianchengxuexi.tlog\link.read.3.tlog
e:\bianchengwenjian\bianchengxuexi\bianchengxuexi\x64\debug\bianchengxuexi.tlog\link.read.4.tlog
e:\bianchengwenjian\bianchengxuexi\bianchengxuexi\x64\debug\bianchengxuexi.tlog\link.read.5.tlog
e:\bianchengwenjian\bianchengxuexi\bianchengxuexi\x64\debug\bianchengxuexi.tlog\link.read.6.tlog
e:\bianchengwenjian\bianchengxuexi\bianchengxuexi\x64\debug\bianchengxuexi.tlog\link.secondary.1.tlog
e:\bianchengwenjian\bianchengxuexi\bianchengxuexi\x64\debug\bianchengxuexi.tlog\link.write.1.tlog
